C:\USERS\V-JUNFU\DOCUMENTS\VISUAL STUDIO 2012\PROJECTS\VIDEOCOLLAGE_2012\VIDEOCOLLAGE_2012\DEBUG\COMMON.OBJ
C:\USERS\V-JUNFU\DOCUMENTS\VISUAL STUDIO 2012\PROJECTS\VIDEOCOLLAGE_2012\VIDEOCOLLAGE_2012\DEBUG\GLOBAL.OBJ
C:\USERS\V-JUNFU\DOCUMENTS\VISUAL STUDIO 2012\PROJECTS\VIDEOCOLLAGE_2012\VIDEOCOLLAGE_2012\DEBUG\IMAGEFEATURE.OBJ
C:\USERS\V-JUNFU\DOCUMENTS\VISUAL STUDIO 2012\PROJECTS\VIDEOCOLLAGE_2012\VIDEOCOLLAGE_2012\DEBUG\VIDEOCOLLAGE.OBJ
C:\USERS\V-JUNFU\DOCUMENTS\VISUAL STUDIO 2012\PROJECTS\VIDEOCOLLAGE_2012\VIDEOCOLLAGE_2012\DEBUG\VC110.PDB
C:\Users\v-junfu\Documents\Visual Studio 2012\Projects\VideoCollage_2012\VideoCollage_2012\Debug\common.obj
C:\Users\v-junfu\Documents\Visual Studio 2012\Projects\VideoCollage_2012\VideoCollage_2012\Debug\global.obj
C:\Users\v-junfu\Documents\Visual Studio 2012\Projects\VideoCollage_2012\VideoCollage_2012\Debug\ImageFeature.obj
C:\Users\v-junfu\Documents\Visual Studio 2012\Projects\VideoCollage_2012\VideoCollage_2012\Debug\VideoCollage.obj
C:\Users\v-junfu\Documents\Visual Studio 2012\Projects\VideoCollage_2012\VideoCollage_2012\Debug\cl.command.1.tlog
C:\Users\v-junfu\Documents\Visual Studio 2012\Projects\VideoCollage_2012\VideoCollage_2012\Debug\CL.read.1.tlog
C:\Users\v-junfu\Documents\Visual Studio 2012\Projects\VideoCollage_2012\VideoCollage_2012\Debug\CL.write.1.tlog
C:\Users\v-junfu\Documents\Visual Studio 2012\Projects\VideoCollage_2012\VideoCollage_2012\Debug\link-cvtres.read.1.tlog
C:\Users\v-junfu\Documents\Visual Studio 2012\Projects\VideoCollage_2012\VideoCollage_2012\Debug\link-cvtres.write.1.tlog
C:\Users\v-junfu\Documents\Visual Studio 2012\Projects\VideoCollage_2012\VideoCollage_2012\Debug\link-rc.read.1.tlog
C:\Users\v-junfu\Documents\Visual Studio 2012\Projects\VideoCollage_2012\VideoCollage_2012\Debug\link-rc.write.1.tlog
C:\Users\v-junfu\Documents\Visual Studio 2012\Projects\VideoCollage_2012\VideoCollage_2012\Debug\link.command.1.tlog
C:\Users\v-junfu\Documents\Visual Studio 2012\Projects\VideoCollage_2012\VideoCollage_2012\Debug\link.read.1.tlog
C:\Users\v-junfu\Documents\Visual Studio 2012\Projects\VideoCollage_2012\VideoCollage_2012\Debug\link.write.1.tlog
C:\Users\v-junfu\Documents\Visual Studio 2012\Projects\VideoCollage_2012\VideoCollage_2012\Debug\vc110.idb
C:\Users\v-junfu\Documents\Visual Studio 2012\Projects\VideoCollage_2012\VideoCollage_2012\Debug\vc110.pdb
C:\Users\v-junfu\Documents\Visual Studio 2012\Projects\VideoCollage_2012\Debug\VideoCollage_2012.pdb
