Build started 6/23/2014 11:26:46 AM.
     1>Project "C:\Users\v-junfu\Documents\Visual Studio 2012\Projects\VideoCollage_2012\VideoCollage_2012\VideoCollage_2012.vcxproj" on node 2 (Rebuild target(s)).
     1>ClCompile:
         C:\Program Files (x86)\Microsoft Visual Studio 11.0\VC\bin\CL.exe /c /ZI /nologo /W3 /WX- /sdl /Od /Oy- /D WIN32 /D _DEBUG /D _CONSOLE /D _CRT_SECURE_NO_DEPRECATE /D _UNICODE /D UNICODE /Gm /EHsc /RTC1 /MDd /GS /fp:precise /Zc:wchar_t /Zc:forScope /Fo"Debug\\" /Fd"Debug\vc110.pdb" /Gd /TP /analyze- /errorReport:prompt common.cpp global.cpp ImageFeature.cpp VideoCollage.cpp
         VideoCollage.cpp
     1>c:\users\v-junfu\documents\visual studio 2012\projects\videocollage_2012\videocollage_2012\videocollage.cpp(184): warning C4244: '*=' : conversion from 'double' to 'int', possible loss of data
     1>c:\users\v-junfu\documents\visual studio 2012\projects\videocollage_2012\videocollage_2012\videocollage.cpp(185): warning C4244: '*=' : conversion from 'double' to 'int', possible loss of data
     1>c:\users\v-junfu\documents\visual studio 2012\projects\videocollage_2012\videocollage_2012\videocollage.cpp(186): warning C4244: '*=' : conversion from 'double' to 'int', possible loss of data
     1>c:\users\v-junfu\documents\visual studio 2012\projects\videocollage_2012\videocollage_2012\videocollage.cpp(187): warning C4244: '*=' : conversion from 'double' to 'int', possible loss of data
     1>c:\users\v-junfu\documents\visual studio 2012\projects\videocollage_2012\videocollage_2012\videocollage.cpp(246): warning C4129: 'T' : unrecognized character escape sequence
     1>c:\users\v-junfu\documents\visual studio 2012\projects\videocollage_2012\videocollage_2012\videocollage.cpp(246): warning C4129: 'G' : unrecognized character escape sequence
     1>c:\users\v-junfu\documents\visual studio 2012\projects\videocollage_2012\videocollage_2012\videocollage.cpp(246): warning C4129: 'V' : unrecognized character escape sequence
     1>c:\users\v-junfu\documents\visual studio 2012\projects\videocollage_2012\videocollage_2012\videocollage.cpp(341): warning C4244: 'initializing' : conversion from 'double' to 'float', possible loss of data
     1>c:\users\v-junfu\documents\visual studio 2012\projects\videocollage_2012\videocollage_2012\videocollage.cpp(412): warning C4018: '<' : signed/unsigned mismatch
     1>c:\users\v-junfu\documents\visual studio 2012\projects\videocollage_2012\videocollage_2012\videocollage.cpp(415): warning C4244: '*=' : conversion from 'float' to 'LONG', possible loss of data
     1>c:\users\v-junfu\documents\visual studio 2012\projects\videocollage_2012\videocollage_2012\videocollage.cpp(416): warning C4244: '*=' : conversion from 'float' to 'LONG', possible loss of data
     1>c:\users\v-junfu\documents\visual studio 2012\projects\videocollage_2012\videocollage_2012\videocollage.cpp(418): warning C4244: '=' : conversion from 'float' to 'LONG', possible loss of data
     1>c:\users\v-junfu\documents\visual studio 2012\projects\videocollage_2012\videocollage_2012\videocollage.cpp(454): warning C4018: '<' : signed/unsigned mismatch
     1>c:\users\v-junfu\documents\visual studio 2012\projects\videocollage_2012\videocollage_2012\videocollage.cpp(457): warning C4244: '*=' : conversion from 'float' to 'LONG', possible loss of data
     1>c:\users\v-junfu\documents\visual studio 2012\projects\videocollage_2012\videocollage_2012\videocollage.cpp(458): warning C4244: '*=' : conversion from 'float' to 'LONG', possible loss of data
     1>c:\users\v-junfu\documents\visual studio 2012\projects\videocollage_2012\videocollage_2012\videocollage.cpp(460): warning C4244: '=' : conversion from 'float' to 'LONG', possible loss of data
     1>c:\users\v-junfu\documents\visual studio 2012\projects\videocollage_2012\videocollage_2012\videocollage.cpp(387): warning C4101: 'rect' : unreferenced local variable
     1>c:\users\v-junfu\documents\visual studio 2012\projects\videocollage_2012\videocollage_2012\videocollage.cpp(662): warning C4018: '<' : signed/unsigned mismatch
     1>c:\users\v-junfu\documents\visual studio 2012\projects\videocollage_2012\videocollage_2012\videocollage.cpp(691): warning C4018: '<' : signed/unsigned mismatch
     1>c:\users\v-junfu\documents\visual studio 2012\projects\videocollage_2012\videocollage_2012\videocollage.cpp(723): warning C4018: '<' : signed/unsigned mismatch
     1>c:\users\v-junfu\documents\visual studio 2012\projects\videocollage_2012\videocollage_2012\videocollage.cpp(751): warning C4244: 'initializing' : conversion from 'float' to 'int', possible loss of data
     1>c:\users\v-junfu\documents\visual studio 2012\projects\videocollage_2012\videocollage_2012\videocollage.cpp(785): warning C4244: 'initializing' : conversion from 'double' to 'float', possible loss of data
     1>c:\users\v-junfu\documents\visual studio 2012\projects\videocollage_2012\videocollage_2012\videocollage.cpp(786): warning C4244: 'initializing' : conversion from 'double' to 'float', possible loss of data
     1>c:\users\v-junfu\documents\visual studio 2012\projects\videocollage_2012\videocollage_2012\videocollage.cpp(793): warning C4244: '=' : conversion from 'float' to 'BYTE', possible loss of data
     1>c:\users\v-junfu\documents\visual studio 2012\projects\videocollage_2012\videocollage_2012\videocollage.cpp(796): warning C4244: '=' : conversion from 'float' to 'BYTE', possible loss of data
     1>c:\users\v-junfu\documents\visual studio 2012\projects\videocollage_2012\videocollage_2012\videocollage.cpp(798): warning C4244: '=' : conversion from 'float' to 'BYTE', possible loss of data
     1>c:\users\v-junfu\documents\visual studio 2012\projects\videocollage_2012\videocollage_2012\videocollage.cpp(803): warning C4244: '=' : conversion from 'float' to 'BYTE', possible loss of data
     1>c:\users\v-junfu\documents\visual studio 2012\projects\videocollage_2012\videocollage_2012\videocollage.cpp(805): warning C4244: '=' : conversion from 'float' to 'BYTE', possible loss of data
     1>c:\users\v-junfu\documents\visual studio 2012\projects\videocollage_2012\videocollage_2012\videocollage.cpp(807): warning C4244: '=' : conversion from 'float' to 'BYTE', possible loss of data
     1>c:\users\v-junfu\documents\visual studio 2012\projects\videocollage_2012\videocollage_2012\videocollage.cpp(824): warning C4244: 'initializing' : conversion from 'float' to 'int', possible loss of data
     1>c:\users\v-junfu\documents\visual studio 2012\projects\videocollage_2012\videocollage_2012\videocollage.cpp(860): warning C4244: 'initializing' : conversion from 'double' to 'float', possible loss of data
     1>c:\users\v-junfu\documents\visual studio 2012\projects\videocollage_2012\videocollage_2012\videocollage.cpp(861): warning C4244: 'initializing' : conversion from 'double' to 'float', possible loss of data
     1>c:\users\v-junfu\documents\visual studio 2012\projects\videocollage_2012\videocollage_2012\videocollage.cpp(866): warning C4244: '=' : conversion from 'float' to 'BYTE', possible loss of data
     1>c:\users\v-junfu\documents\visual studio 2012\projects\videocollage_2012\videocollage_2012\videocollage.cpp(869): warning C4244: '=' : conversion from 'float' to 'BYTE', possible loss of data
     1>c:\users\v-junfu\documents\visual studio 2012\projects\videocollage_2012\videocollage_2012\videocollage.cpp(871): warning C4244: '=' : conversion from 'float' to 'BYTE', possible loss of data
     1>c:\users\v-junfu\documents\visual studio 2012\projects\videocollage_2012\videocollage_2012\videocollage.cpp(877): warning C4244: '=' : conversion from 'float' to 'BYTE', possible loss of data
     1>c:\users\v-junfu\documents\visual studio 2012\projects\videocollage_2012\videocollage_2012\videocollage.cpp(880): warning C4244: '=' : conversion from 'float' to 'BYTE', possible loss of data
     1>c:\users\v-junfu\documents\visual studio 2012\projects\videocollage_2012\videocollage_2012\videocollage.cpp(883): warning C4244: '=' : conversion from 'float' to 'BYTE', possible loss of data
         ImageFeature.cpp
         global.cpp
         common.cpp
         Generating Code...
       Link:
         C:\Program Files (x86)\Microsoft Visual Studio 11.0\VC\bin\link.exe /ERRORREPORT:PROMPT /OUT:"C:\Users\v-junfu\Documents\Visual Studio 2012\Projects\VideoCollage_2012\Debug\VideoCollage_2012.exe" /INCREMENTAL /NOLOGO VideoAnalysis_d.lib VxCore_d.lib ImageAnalysis_d.lib opencv_ml249d.lib opencv_calib3d249d.lib opencv_contrib249d.lib opencv_core249d.lib opencv_features2d249d.lib opencv_flann249d.lib opencv_gpu249d.lib opencv_highgui249d.lib opencv_imgproc249d.lib opencv_legacy249d.lib opencv_objdetect249d.lib opencv_ts249d.lib opencv_video249d.lib opencv_nonfree249d.lib opencv_ocl249d.lib opencv_photo249d.lib opencv_stitching249d.lib opencv_superres249d.lib opencv_videostab249d.lib kernel32.lib user32.lib gdi32.lib winspool.lib comdlg32.lib advapi32.lib shell32.lib ole32.lib oleaut32.lib uuid.lib odbc32.lib odbccp32.lib /MANIFEST /MANIFESTUAC:"level='asInvoker' uiAccess='false'" /manifest:embed /DEBUG /PDB:"C:\Users\v-junfu\Documents\Visual Studio 2012\Projects\VideoCollage_2012\Debug\VideoCollage_2012.pdb" /SUBSYSTEM:CONSOLE /TLBID:1 /DYNAMICBASE /NXCOMPAT /IMPLIB:"C:\Users\v-junfu\Documents\Visual Studio 2012\Projects\VideoCollage_2012\Debug\VideoCollage_2012.lib" /MACHINE:X86 Debug\common.obj
         Debug\global.obj
         Debug\ImageFeature.obj
         Debug\VideoCollage.obj
         FocusDetector.lib
     1>ImageAnalysis_d.lib(Img_Image.obj) : error LNK2038: mismatch detected for '_ITERATOR_DEBUG_LEVEL': value '0' doesn't match value '2' in common.obj
     1>ImageAnalysis_d.lib(Img_Image.obj) : error LNK2038: mismatch detected for 'RuntimeLibrary': value 'MD_DynamicRelease' doesn't match value 'MDd_DynamicDebug' in common.obj
     1>ImageAnalysis_d.lib(Img_Gdiplus.obj) : error LNK2038: mismatch detected for '_ITERATOR_DEBUG_LEVEL': value '0' doesn't match value '2' in common.obj
     1>ImageAnalysis_d.lib(Img_Gdiplus.obj) : error LNK2038: mismatch detected for 'RuntimeLibrary': value 'MD_DynamicRelease' doesn't match value 'MDd_DynamicDebug' in common.obj
     1>LINK : warning LNK4098: defaultlib 'MSVCRT' conflicts with use of other libs; use /NODEFAULTLIB:library
     1>VideoAnalysis_d.lib(VideoParseFilterImp.obj) : error LNK2019: unresolved external symbol "void __stdcall DbgBreakPoint(wchar_t const *,wchar_t const *,int)" (?DbgBreakPoint@@YGXPB_W0H@Z) referenced in function "public: virtual long __thiscall CTransInPlaceFilter::GetMediaType(int,class CMediaType *)" (?GetMediaType@CTransInPlaceFilter@@UAEJHPAVCMediaType@@@Z)
     1>VideoAnalysis_d.lib(VideoParseFilterImp.obj) : error LNK2001: unresolved external symbol "public: virtual unsigned long __stdcall CBaseFilter::NonDelegatingRelease(void)" (?NonDelegatingRelease@CBaseFilter@@UAGKXZ)
     1>C:\Users\v-junfu\Documents\Visual Studio 2012\Projects\VideoCollage_2012\Debug\VideoCollage_2012.exe : fatal error LNK1120: 2 unresolved externals
     1>Done Building Project "C:\Users\v-junfu\Documents\Visual Studio 2012\Projects\VideoCollage_2012\VideoCollage_2012\VideoCollage_2012.vcxproj" (Rebuild target(s)) -- FAILED.

Build FAILED.

Time Elapsed 00:00:06.44
