C:\USERS\V-JUNFU\DOCUMENTS\VISUAL STUDIO 2012\PROJECTS\VIDEOCOLLAGE_2012\VXCORE\DEBUG\LOG.OBJ
C:\USERS\V-JUNFU\DOCUMENTS\VISUAL STUDIO 2012\PROJECTS\VIDEOCOLLAGE_2012\VXCORE\DEBUG\SAFELOG.OBJ
C:\USERS\V-JUNFU\DOCUMENTS\VISUAL STUDIO 2012\PROJECTS\VIDEOCOLLAGE_2012\VXCORE\DEBUG\STDAFX.OBJ
C:\USERS\V-JUNFU\DOCUMENTS\VISUAL STUDIO 2012\PROJECTS\VIDEOCOLLAGE_2012\VXCORE\DEBUG\VXCOREEXCEPTION.OBJ
C:\USERS\V-JUNFU\DOCUMENTS\VISUAL STUDIO 2012\PROJECTS\VIDEOCOLLAGE_2012\VXCORE\DEBUG\VXDATASET.OBJ
C:\USERS\V-JUNFU\DOCUMENTS\VISUAL STUDIO 2012\PROJECTS\VIDEOCOLLAGE_2012\VXCORE\DEBUG\VXFEATURE.OBJ
C:\USERS\V-JUNFU\DOCUMENTS\VISUAL STUDIO 2012\PROJECTS\VIDEOCOLLAGE_2012\VXCORE\DEBUG\VXUTILS.OBJ
C:\USERS\V-JUNFU\DOCUMENTS\VISUAL STUDIO 2012\PROJECTS\VIDEOCOLLAGE_2012\VXCORE\DEBUG\VC110.PDB
C:\USERS\V-JUNFU\DOCUMENTS\VISUAL STUDIO 2012\PROJECTS\VIDEOCOLLAGE_2012\LIB\VXCORE_D.LIB
C:\Users\v-junfu\Documents\Visual Studio 2012\Projects\VideoCollage_2012\VxCore\Debug\Log.obj
C:\Users\v-junfu\Documents\Visual Studio 2012\Projects\VideoCollage_2012\VxCore\Debug\SafeLog.obj
C:\Users\v-junfu\Documents\Visual Studio 2012\Projects\VideoCollage_2012\VxCore\Debug\stdafx.obj
C:\Users\v-junfu\Documents\Visual Studio 2012\Projects\VideoCollage_2012\VxCore\Debug\VxCoreException.obj
C:\Users\v-junfu\Documents\Visual Studio 2012\Projects\VideoCollage_2012\VxCore\Debug\VxDataSet.obj
C:\Users\v-junfu\Documents\Visual Studio 2012\Projects\VideoCollage_2012\VxCore\Debug\VxFeature.obj
C:\Users\v-junfu\Documents\Visual Studio 2012\Projects\VideoCollage_2012\VxCore\Debug\VxUtils.obj
C:\Users\v-junfu\Documents\Visual Studio 2012\Projects\VideoCollage_2012\VxCore\Debug\cl.command.1.tlog
C:\Users\v-junfu\Documents\Visual Studio 2012\Projects\VideoCollage_2012\VxCore\Debug\CL.read.1.tlog
C:\Users\v-junfu\Documents\Visual Studio 2012\Projects\VideoCollage_2012\VxCore\Debug\CL.write.1.tlog
C:\Users\v-junfu\Documents\Visual Studio 2012\Projects\VideoCollage_2012\VxCore\Debug\Lib-link.read.1.tlog
C:\Users\v-junfu\Documents\Visual Studio 2012\Projects\VideoCollage_2012\VxCore\Debug\Lib-link.write.1.tlog
C:\Users\v-junfu\Documents\Visual Studio 2012\Projects\VideoCollage_2012\VxCore\Debug\lib.command.1.tlog
C:\Users\v-junfu\Documents\Visual Studio 2012\Projects\VideoCollage_2012\VxCore\Debug\vc110.idb
C:\Users\v-junfu\Documents\Visual Studio 2012\Projects\VideoCollage_2012\VxCore\Debug\vc110.pdb
C:\Users\v-junfu\Documents\Visual Studio 2012\Projects\VideoCollage_2012\VxCore\..\lib\VxCore_d.lib
