Build started 6/27/2014 1:38:42 PM.
     1>Project "D:\MyProject\VideoCollage_2012\ImageAnalysis\ImageAnalysis.vcxproj" on node 3 (Rebuild target(s)).
     1>ClCompile:
         C:\Program Files (x86)\Microsoft Visual Studio 11.0\VC\bin\CL.exe /c /I..\..\inc /I..\inc\vtl /Zi /nologo /W3 /WX- /O2 /Oy- /D WIN32 /D NDEBUG /D _WINDOWS /D _LIB /D IMAGEANALYSIS_EXPORTS /D _UNICODE /D UNICODE /Gm /EHsc /MD /GS /fp:precise /Zc:wchar_t /Zc:forScope /Fo"Release\\" /Fd"..\lib\ImageAnalysis.pdb" /Gd /TP /analyze- /errorReport:prompt ColorHistogramFeatureExtractor.cpp ColorMomentFeatureExtractor.cpp CorrelogramFeatureExtractor.cpp EdgeFeatureExtractor.cpp FaceFeatureExtractor.cpp FeatureExtractorBase.cpp FeatureExtractorHelper\Canny.cpp FeatureExtractorHelper\FeatureExtractorHelper.cpp FeatureExtractorHelper\GrayShow.cpp FeatureExtractorHelper\nrutil.cpp GdiplusLife.cpp GrayImage.cpp ImageAnalysisException.cpp ImageAnalysisHelper.cpp ImageProcess.cpp JSeg.cpp RgbImage.cpp ShapeFeatureExtractor.cpp stdafx.cpp TextureFeatureExtractor.cpp
         TextureFeatureExtractor.cpp
         stdafx.cpp
         ShapeFeatureExtractor.cpp
         RgbImage.cpp
         JSeg.cpp
         ImageProcess.cpp
         ImageAnalysisHelper.cpp
         ImageAnalysisException.cpp
         GrayImage.cpp
         GdiplusLife.cpp
         nrutil.cpp
         GrayShow.cpp
         FeatureExtractorHelper.cpp
         Canny.cpp
         FeatureExtractorBase.cpp
         FaceFeatureExtractor.cpp
         EdgeFeatureExtractor.cpp
         CorrelogramFeatureExtractor.cpp
         ColorMomentFeatureExtractor.cpp
         ColorHistogramFeatureExtractor.cpp
         Generating Code...
         C:\Program Files (x86)\Microsoft Visual Studio 11.0\VC\bin\CL.exe /c /I..\..\inc /I..\inc\vtl /Zi /nologo /W3 /WX- /O2 /Oy- /D WIN32 /D NDEBUG /D _WINDOWS /D _LIB /D IMAGEANALYSIS_EXPORTS /D _UNICODE /D UNICODE /Gm /EHsc /MD /GS /fp:precise /Zc:wchar_t /Zc:forScope /Fo"Release\\" /Fd"..\lib\ImageAnalysis.pdb" /Gd /TC /analyze- /errorReport:prompt FeatureExtractorComInc\FeatureExtractor_i.c
         FeatureExtractor_i.c
       Lib:
         C:\Program Files (x86)\Microsoft Visual Studio 11.0\VC\bin\Lib.exe /OUT:"..\lib\ImageAnalysis.lib" vtl.lib gdiplus.lib Gdi32.lib Comdlg32.lib faceDetectorDll.lib VxCore.lib jseg.lib /LIBPATH:..\lib /NOLOGO /LTCG Release\ColorHistogramFeatureExtractor.obj
         Release\ColorMomentFeatureExtractor.obj
         Release\CorrelogramFeatureExtractor.obj
         Release\EdgeFeatureExtractor.obj
         Release\FaceFeatureExtractor.obj
         Release\FeatureExtractorBase.obj
         Release\FeatureExtractor_i.obj
         Release\Canny.obj
         Release\FeatureExtractorHelper.obj
         Release\GrayShow.obj
         Release\nrutil.obj
         Release\GdiplusLife.obj
         Release\GrayImage.obj
         Release\ImageAnalysisException.obj
         Release\ImageAnalysisHelper.obj
         Release\ImageProcess.obj
         Release\JSeg.obj
         Release\RgbImage.obj
         Release\ShapeFeatureExtractor.obj
         Release\stdafx.obj
         Release\TextureFeatureExtractor.obj
         Replacing Release\stdafx.obj
     1>Gdi32.lib(GDI32.dll) : warning LNK4006: __NULL_IMPORT_DESCRIPTOR already defined in gdiplus.lib(gdiplus.dll); second definition ignored
     1>Comdlg32.lib(COMDLG32.dll) : warning LNK4006: __NULL_IMPORT_DESCRIPTOR already defined in gdiplus.lib(gdiplus.dll); second definition ignored
     1>faceDetectorDll.lib(FaceDetectorDLL.dll) : warning LNK4006: __NULL_IMPORT_DESCRIPTOR already defined in gdiplus.lib(gdiplus.dll); second definition ignored
         ImageAnalysis.vcxproj -> D:\MyProject\VideoCollage_2012\ImageAnalysis\..\lib\ImageAnalysis.lib
     1>Done Building Project "D:\MyProject\VideoCollage_2012\ImageAnalysis\ImageAnalysis.vcxproj" (Rebuild target(s)).

Build succeeded.

Time Elapsed 00:00:12.81
