D:\MYPROJECT\VIDEOCOLLAGE_2012\IMAGEANALYSIS\RELEASE\COLORHISTOGRAMFEATUREEXTRACTOR.OBJ
D:\MYPROJECT\VIDEOCOLLAGE_2012\IMAGEANALYSIS\RELEASE\COLORMOMENTFEATUREEXTRACTOR.OBJ
D:\MYPROJECT\VIDEOCOLLAGE_2012\IMAGEANALYSIS\RELEASE\CORRELOGRAMFEATUREEXTRACTOR.OBJ
D:\MYPROJECT\VIDEOCOLLAGE_2012\IMAGEANALYSIS\RELEASE\EDGEFEATUREEXTRACTOR.OBJ
D:\MYPROJECT\VIDEOCOLLAGE_2012\IMAGEANALYSIS\RELEASE\FACEFEATUREEXTRACTOR.OBJ
D:\MYPROJECT\VIDEOCOLLAGE_2012\IMAGEANALYSIS\RELEASE\FEATUREEXTRACTORBASE.OBJ
D:\MYPROJECT\VIDEOCOLLAGE_2012\IMAGEANALYSIS\RELEASE\CANNY.OBJ
D:\MYPROJECT\VIDEOCOLLAGE_2012\IMAGEANALYSIS\RELEASE\FEATUREEXTRACTORHELPER.OBJ
D:\MYPROJECT\VIDEOCOLLAGE_2012\IMAGEANALYSIS\RELEASE\GRAYSHOW.OBJ
D:\MYPROJECT\VIDEOCOLLAGE_2012\IMAGEANALYSIS\RELEASE\NRUTIL.OBJ
D:\MYPROJECT\VIDEOCOLLAGE_2012\IMAGEANALYSIS\RELEASE\GDIPLUSLIFE.OBJ
D:\MYPROJECT\VIDEOCOLLAGE_2012\IMAGEANALYSIS\RELEASE\GRAYIMAGE.OBJ
D:\MYPROJECT\VIDEOCOLLAGE_2012\IMAGEANALYSIS\RELEASE\IMAGEANALYSISEXCEPTION.OBJ
D:\MYPROJECT\VIDEOCOLLAGE_2012\IMAGEANALYSIS\RELEASE\IMAGEANALYSISHELPER.OBJ
D:\MYPROJECT\VIDEOCOLLAGE_2012\IMAGEANALYSIS\RELEASE\IMAGEPROCESS.OBJ
D:\MYPROJECT\VIDEOCOLLAGE_2012\IMAGEANALYSIS\RELEASE\JSEG.OBJ
D:\MYPROJECT\VIDEOCOLLAGE_2012\IMAGEANALYSIS\RELEASE\RGBIMAGE.OBJ
D:\MYPROJECT\VIDEOCOLLAGE_2012\IMAGEANALYSIS\RELEASE\SHAPEFEATUREEXTRACTOR.OBJ
D:\MYPROJECT\VIDEOCOLLAGE_2012\IMAGEANALYSIS\RELEASE\STDAFX.OBJ
D:\MYPROJECT\VIDEOCOLLAGE_2012\IMAGEANALYSIS\RELEASE\TEXTUREFEATUREEXTRACTOR.OBJ
D:\MYPROJECT\VIDEOCOLLAGE_2012\LIB\IMAGEANALYSIS.PDB
D:\MYPROJECT\VIDEOCOLLAGE_2012\IMAGEANALYSIS\RELEASE\FEATUREEXTRACTOR_I.OBJ
D:\MYPROJECT\VIDEOCOLLAGE_2012\LIB\IMAGEANALYSIS.LIB
D:\MyProject\VideoCollage_2012\ImageAnalysis\Release\Canny.obj
D:\MyProject\VideoCollage_2012\ImageAnalysis\Release\ColorHistogramFeatureExtractor.obj
D:\MyProject\VideoCollage_2012\ImageAnalysis\Release\ColorMomentFeatureExtractor.obj
D:\MyProject\VideoCollage_2012\ImageAnalysis\Release\CorrelogramFeatureExtractor.obj
D:\MyProject\VideoCollage_2012\ImageAnalysis\Release\EdgeFeatureExtractor.obj
D:\MyProject\VideoCollage_2012\ImageAnalysis\Release\FaceFeatureExtractor.obj
D:\MyProject\VideoCollage_2012\ImageAnalysis\Release\FeatureExtractorBase.obj
D:\MyProject\VideoCollage_2012\ImageAnalysis\Release\FeatureExtractorHelper.obj
D:\MyProject\VideoCollage_2012\ImageAnalysis\Release\FeatureExtractor_i.obj
D:\MyProject\VideoCollage_2012\ImageAnalysis\Release\GdiplusLife.obj
D:\MyProject\VideoCollage_2012\ImageAnalysis\Release\GrayImage.obj
D:\MyProject\VideoCollage_2012\ImageAnalysis\Release\GrayShow.obj
D:\MyProject\VideoCollage_2012\ImageAnalysis\Release\ImageAnalysisException.obj
D:\MyProject\VideoCollage_2012\ImageAnalysis\Release\ImageAnalysisHelper.obj
D:\MyProject\VideoCollage_2012\ImageAnalysis\Release\ImageProcess.obj
D:\MyProject\VideoCollage_2012\ImageAnalysis\Release\JSeg.obj
D:\MyProject\VideoCollage_2012\ImageAnalysis\Release\nrutil.obj
D:\MyProject\VideoCollage_2012\ImageAnalysis\Release\RgbImage.obj
D:\MyProject\VideoCollage_2012\ImageAnalysis\Release\ShapeFeatureExtractor.obj
D:\MyProject\VideoCollage_2012\ImageAnalysis\Release\stdafx.obj
D:\MyProject\VideoCollage_2012\ImageAnalysis\Release\TextureFeatureExtractor.obj
D:\MyProject\VideoCollage_2012\ImageAnalysis\Release\cl.command.1.tlog
D:\MyProject\VideoCollage_2012\ImageAnalysis\Release\CL.read.1.tlog
D:\MyProject\VideoCollage_2012\ImageAnalysis\Release\CL.write.1.tlog
D:\MyProject\VideoCollage_2012\ImageAnalysis\Release\Lib-link.read.1.tlog
D:\MyProject\VideoCollage_2012\ImageAnalysis\Release\Lib-link.write.1.tlog
D:\MyProject\VideoCollage_2012\ImageAnalysis\Release\lib.command.1.tlog
D:\MyProject\VideoCollage_2012\ImageAnalysis\..\lib\ImageAnalysis.lib
