C:\USERS\V-JUNFU\DOCUMENTS\VISUAL STUDIO 2012\PROJECTS\VIDEOCOLLAGE_2012\IMAGEANALYSIS\DEBUG\COLORHISTOGRAMFEATUREEXTRACTOR.OBJ
C:\USERS\V-JUNFU\DOCUMENTS\VISUAL STUDIO 2012\PROJECTS\VIDEOCOLLAGE_2012\IMAGEANALYSIS\DEBUG\COLORMOMENTFEATUREEXTRACTOR.OBJ
C:\USERS\V-JUNFU\DOCUMENTS\VISUAL STUDIO 2012\PROJECTS\VIDEOCOLLAGE_2012\IMAGEANALYSIS\DEBUG\CORRELOGRAMFEATUREEXTRACTOR.OBJ
C:\USERS\V-JUNFU\DOCUMENTS\VISUAL STUDIO 2012\PROJECTS\VIDEOCOLLAGE_2012\IMAGEANALYSIS\DEBUG\EDGEFEATUREEXTRACTOR.OBJ
C:\USERS\V-JUNFU\DOCUMENTS\VISUAL STUDIO 2012\PROJECTS\VIDEOCOLLAGE_2012\IMAGEANALYSIS\DEBUG\FACEFEATUREEXTRACTOR.OBJ
C:\USERS\V-JUNFU\DOCUMENTS\VISUAL STUDIO 2012\PROJECTS\VIDEOCOLLAGE_2012\IMAGEANALYSIS\DEBUG\FEATUREEXTRACTORBASE.OBJ
C:\USERS\V-JUNFU\DOCUMENTS\VISUAL STUDIO 2012\PROJECTS\VIDEOCOLLAGE_2012\IMAGEANALYSIS\DEBUG\CANNY.OBJ
C:\USERS\V-JUNFU\DOCUMENTS\VISUAL STUDIO 2012\PROJECTS\VIDEOCOLLAGE_2012\IMAGEANALYSIS\DEBUG\FEATUREEXTRACTORHELPER.OBJ
C:\USERS\V-JUNFU\DOCUMENTS\VISUAL STUDIO 2012\PROJECTS\VIDEOCOLLAGE_2012\IMAGEANALYSIS\DEBUG\GRAYSHOW.OBJ
C:\USERS\V-JUNFU\DOCUMENTS\VISUAL STUDIO 2012\PROJECTS\VIDEOCOLLAGE_2012\IMAGEANALYSIS\DEBUG\NRUTIL.OBJ
C:\USERS\V-JUNFU\DOCUMENTS\VISUAL STUDIO 2012\PROJECTS\VIDEOCOLLAGE_2012\IMAGEANALYSIS\DEBUG\GDIPLUSLIFE.OBJ
C:\USERS\V-JUNFU\DOCUMENTS\VISUAL STUDIO 2012\PROJECTS\VIDEOCOLLAGE_2012\IMAGEANALYSIS\DEBUG\GRAYIMAGE.OBJ
C:\USERS\V-JUNFU\DOCUMENTS\VISUAL STUDIO 2012\PROJECTS\VIDEOCOLLAGE_2012\IMAGEANALYSIS\DEBUG\IMAGEANALYSISEXCEPTION.OBJ
C:\USERS\V-JUNFU\DOCUMENTS\VISUAL STUDIO 2012\PROJECTS\VIDEOCOLLAGE_2012\IMAGEANALYSIS\DEBUG\IMAGEANALYSISHELPER.OBJ
C:\USERS\V-JUNFU\DOCUMENTS\VISUAL STUDIO 2012\PROJECTS\VIDEOCOLLAGE_2012\IMAGEANALYSIS\DEBUG\IMAGEPROCESS.OBJ
C:\USERS\V-JUNFU\DOCUMENTS\VISUAL STUDIO 2012\PROJECTS\VIDEOCOLLAGE_2012\IMAGEANALYSIS\DEBUG\JSEG.OBJ
C:\USERS\V-JUNFU\DOCUMENTS\VISUAL STUDIO 2012\PROJECTS\VIDEOCOLLAGE_2012\IMAGEANALYSIS\DEBUG\RGBIMAGE.OBJ
C:\USERS\V-JUNFU\DOCUMENTS\VISUAL STUDIO 2012\PROJECTS\VIDEOCOLLAGE_2012\IMAGEANALYSIS\DEBUG\SHAPEFEATUREEXTRACTOR.OBJ
C:\USERS\V-JUNFU\DOCUMENTS\VISUAL STUDIO 2012\PROJECTS\VIDEOCOLLAGE_2012\IMAGEANALYSIS\DEBUG\STDAFX.OBJ
C:\USERS\V-JUNFU\DOCUMENTS\VISUAL STUDIO 2012\PROJECTS\VIDEOCOLLAGE_2012\IMAGEANALYSIS\DEBUG\TEXTUREFEATUREEXTRACTOR.OBJ
C:\USERS\V-JUNFU\DOCUMENTS\VISUAL STUDIO 2012\PROJECTS\VIDEOCOLLAGE_2012\IMAGEANALYSIS\DEBUG\VC110.PDB
C:\USERS\V-JUNFU\DOCUMENTS\VISUAL STUDIO 2012\PROJECTS\VIDEOCOLLAGE_2012\IMAGEANALYSIS\DEBUG\FEATUREEXTRACTOR_I.OBJ
C:\USERS\V-JUNFU\DOCUMENTS\VISUAL STUDIO 2012\PROJECTS\VIDEOCOLLAGE_2012\LIB\IMAGEANALYSIS_D.LIB
C:\Users\v-junfu\Documents\Visual Studio 2012\Projects\VideoCollage_2012\ImageAnalysis\Debug\Canny.obj
C:\Users\v-junfu\Documents\Visual Studio 2012\Projects\VideoCollage_2012\ImageAnalysis\Debug\ColorHistogramFeatureExtractor.obj
C:\Users\v-junfu\Documents\Visual Studio 2012\Projects\VideoCollage_2012\ImageAnalysis\Debug\ColorMomentFeatureExtractor.obj
C:\Users\v-junfu\Documents\Visual Studio 2012\Projects\VideoCollage_2012\ImageAnalysis\Debug\CorrelogramFeatureExtractor.obj
C:\Users\v-junfu\Documents\Visual Studio 2012\Projects\VideoCollage_2012\ImageAnalysis\Debug\EdgeFeatureExtractor.obj
C:\Users\v-junfu\Documents\Visual Studio 2012\Projects\VideoCollage_2012\ImageAnalysis\Debug\FaceFeatureExtractor.obj
C:\Users\v-junfu\Documents\Visual Studio 2012\Projects\VideoCollage_2012\ImageAnalysis\Debug\FeatureExtractorBase.obj
C:\Users\v-junfu\Documents\Visual Studio 2012\Projects\VideoCollage_2012\ImageAnalysis\Debug\FeatureExtractorHelper.obj
C:\Users\v-junfu\Documents\Visual Studio 2012\Projects\VideoCollage_2012\ImageAnalysis\Debug\FeatureExtractor_i.obj
C:\Users\v-junfu\Documents\Visual Studio 2012\Projects\VideoCollage_2012\ImageAnalysis\Debug\GdiplusLife.obj
C:\Users\v-junfu\Documents\Visual Studio 2012\Projects\VideoCollage_2012\ImageAnalysis\Debug\GrayImage.obj
C:\Users\v-junfu\Documents\Visual Studio 2012\Projects\VideoCollage_2012\ImageAnalysis\Debug\GrayShow.obj
C:\Users\v-junfu\Documents\Visual Studio 2012\Projects\VideoCollage_2012\ImageAnalysis\Debug\ImageAnalysisException.obj
C:\Users\v-junfu\Documents\Visual Studio 2012\Projects\VideoCollage_2012\ImageAnalysis\Debug\ImageAnalysisHelper.obj
C:\Users\v-junfu\Documents\Visual Studio 2012\Projects\VideoCollage_2012\ImageAnalysis\Debug\ImageProcess.obj
C:\Users\v-junfu\Documents\Visual Studio 2012\Projects\VideoCollage_2012\ImageAnalysis\Debug\JSeg.obj
C:\Users\v-junfu\Documents\Visual Studio 2012\Projects\VideoCollage_2012\ImageAnalysis\Debug\nrutil.obj
C:\Users\v-junfu\Documents\Visual Studio 2012\Projects\VideoCollage_2012\ImageAnalysis\Debug\RgbImage.obj
C:\Users\v-junfu\Documents\Visual Studio 2012\Projects\VideoCollage_2012\ImageAnalysis\Debug\ShapeFeatureExtractor.obj
C:\Users\v-junfu\Documents\Visual Studio 2012\Projects\VideoCollage_2012\ImageAnalysis\Debug\stdafx.obj
C:\Users\v-junfu\Documents\Visual Studio 2012\Projects\VideoCollage_2012\ImageAnalysis\Debug\TextureFeatureExtractor.obj
C:\Users\v-junfu\Documents\Visual Studio 2012\Projects\VideoCollage_2012\ImageAnalysis\Debug\cl.command.1.tlog
C:\Users\v-junfu\Documents\Visual Studio 2012\Projects\VideoCollage_2012\ImageAnalysis\Debug\CL.read.1.tlog
C:\Users\v-junfu\Documents\Visual Studio 2012\Projects\VideoCollage_2012\ImageAnalysis\Debug\CL.write.1.tlog
C:\Users\v-junfu\Documents\Visual Studio 2012\Projects\VideoCollage_2012\ImageAnalysis\Debug\Lib-link.read.1.tlog
C:\Users\v-junfu\Documents\Visual Studio 2012\Projects\VideoCollage_2012\ImageAnalysis\Debug\Lib-link.write.1.tlog
C:\Users\v-junfu\Documents\Visual Studio 2012\Projects\VideoCollage_2012\ImageAnalysis\Debug\lib.command.1.tlog
C:\Users\v-junfu\Documents\Visual Studio 2012\Projects\VideoCollage_2012\ImageAnalysis\Debug\vc110.idb
C:\Users\v-junfu\Documents\Visual Studio 2012\Projects\VideoCollage_2012\ImageAnalysis\Debug\vc110.pdb
C:\Users\v-junfu\Documents\Visual Studio 2012\Projects\VideoCollage_2012\ImageAnalysis\..\lib\ImageAnalysis_d.lib
