D:\MYPROJECT\VIDEOCOLLAGE_2012\VIDEOANALYSIS\RELEASE\DTHRESHSHOTDETECTOR.OBJ
D:\MYPROJECT\VIDEOCOLLAGE_2012\VIDEOANALYSIS\RELEASE\ENTROPYOFFLINESCENEDETECTOR.OBJ
D:\MYPROJECT\VIDEOCOLLAGE_2012\VIDEOANALYSIS\RELEASE\FRAMEFEATUREEXTRACTOR.OBJ
D:\MYPROJECT\VIDEOCOLLAGE_2012\VIDEOANALYSIS\RELEASE\GRAPHHELPER.OBJ
D:\MYPROJECT\VIDEOCOLLAGE_2012\VIDEOANALYSIS\RELEASE\KEYFRAMESAVER.OBJ
D:\MYPROJECT\VIDEOCOLLAGE_2012\VIDEOANALYSIS\RELEASE\OPENCVHELPER.OBJ
D:\MYPROJECT\VIDEOCOLLAGE_2012\VIDEOANALYSIS\RELEASE\SABONLINESUBSHOTDETECTOR.OBJ
D:\MYPROJECT\VIDEOCOLLAGE_2012\VIDEOANALYSIS\RELEASE\SIMPLEKEYFRAMEEXTRACTOR.OBJ
D:\MYPROJECT\VIDEOCOLLAGE_2012\VIDEOANALYSIS\RELEASE\SIMPLETHUMBNAILEXTRACTOR.OBJ
D:\MYPROJECT\VIDEOCOLLAGE_2012\VIDEOANALYSIS\RELEASE\STDAFX.OBJ
D:\MYPROJECT\VIDEOCOLLAGE_2012\VIDEOANALYSIS\RELEASE\VAUTILS.OBJ
D:\MYPROJECT\VIDEOCOLLAGE_2012\VIDEOANALYSIS\RELEASE\VIDEOANALYSISENGINE.OBJ
D:\MYPROJECT\VIDEOCOLLAGE_2012\VIDEOANALYSIS\RELEASE\VIDEOANALYSISEXCEPTION.OBJ
D:\MYPROJECT\VIDEOCOLLAGE_2012\VIDEOANALYSIS\RELEASE\VIDEOEDITSERVICE.OBJ
D:\MYPROJECT\VIDEOCOLLAGE_2012\VIDEOANALYSIS\RELEASE\VIDEOPARSEBASE.OBJ
D:\MYPROJECT\VIDEOCOLLAGE_2012\VIDEOANALYSIS\RELEASE\VIDEOPARSEFILTER.OBJ
D:\MYPROJECT\VIDEOCOLLAGE_2012\VIDEOANALYSIS\RELEASE\VIDEOPARSEFILTERIMP.OBJ
D:\MYPROJECT\VIDEOCOLLAGE_2012\VIDEOANALYSIS\RELEASE\VIDEOSEGMENTS.OBJ
D:\MYPROJECT\VIDEOCOLLAGE_2012\VIDEOANALYSIS\RELEASE\VIDEOSEGMENTSTORAGE.OBJ
D:\MYPROJECT\VIDEOCOLLAGE_2012\VIDEOANALYSIS\RELEASE\XMLACCESSHELPER.OBJ
D:\MYPROJECT\VIDEOCOLLAGE_2012\VIDEOANALYSIS\RELEASE\AFFINEGLOBALMOTIONESTIMATION.OBJ
D:\MYPROJECT\VIDEOCOLLAGE_2012\VIDEOANALYSIS\RELEASE\AFFINEOFFINESUBSHOTDETECTOR.OBJ
D:\MYPROJECT\VIDEOCOLLAGE_2012\VIDEOANALYSIS\RELEASE\COMMONFRAMEFEATUREFACTORY.OBJ
D:\MYPROJECT\VIDEOCOLLAGE_2012\LIB\VIDEOANALYSIS.PDB
D:\MYPROJECT\VIDEOCOLLAGE_2012\LIB\VIDEOANALYSIS.LIB
D:\MyProject\VideoCollage_2012\VideoAnalysis\Release\AffineGlobalMotionEstimation.obj
D:\MyProject\VideoCollage_2012\VideoAnalysis\Release\AffineOffineSubshotDetector.obj
D:\MyProject\VideoCollage_2012\VideoAnalysis\Release\CommonFrameFeatureFactory.obj
D:\MyProject\VideoCollage_2012\VideoAnalysis\Release\DThreshShotDetector.obj
D:\MyProject\VideoCollage_2012\VideoAnalysis\Release\EntropyOfflineSceneDetector.obj
D:\MyProject\VideoCollage_2012\VideoAnalysis\Release\FrameFeatureExtractor.obj
D:\MyProject\VideoCollage_2012\VideoAnalysis\Release\GraphHelper.obj
D:\MyProject\VideoCollage_2012\VideoAnalysis\Release\KeyframeSaver.obj
D:\MyProject\VideoCollage_2012\VideoAnalysis\Release\OpenCVHelper.obj
D:\MyProject\VideoCollage_2012\VideoAnalysis\Release\SabOnlineSubshotDetector.obj
D:\MyProject\VideoCollage_2012\VideoAnalysis\Release\SimpleKeyframeExtractor.obj
D:\MyProject\VideoCollage_2012\VideoAnalysis\Release\SimpleThumbNailExtractor.obj
D:\MyProject\VideoCollage_2012\VideoAnalysis\Release\stdafx.obj
D:\MyProject\VideoCollage_2012\VideoAnalysis\Release\VaUtils.obj
D:\MyProject\VideoCollage_2012\VideoAnalysis\Release\VideoAnalysisEngine.obj
D:\MyProject\VideoCollage_2012\VideoAnalysis\Release\VideoAnalysisException.obj
D:\MyProject\VideoCollage_2012\VideoAnalysis\Release\VideoEditService.obj
D:\MyProject\VideoCollage_2012\VideoAnalysis\Release\VideoParseBase.obj
D:\MyProject\VideoCollage_2012\VideoAnalysis\Release\VideoParseFilter.obj
D:\MyProject\VideoCollage_2012\VideoAnalysis\Release\VideoParseFilterImp.obj
D:\MyProject\VideoCollage_2012\VideoAnalysis\Release\VideoSegments.obj
D:\MyProject\VideoCollage_2012\VideoAnalysis\Release\VideoSegmentStorage.obj
D:\MyProject\VideoCollage_2012\VideoAnalysis\Release\XMLAccessHelper.obj
D:\MyProject\VideoCollage_2012\VideoAnalysis\Release\cl.command.1.tlog
D:\MyProject\VideoCollage_2012\VideoAnalysis\Release\CL.read.1.tlog
D:\MyProject\VideoCollage_2012\VideoAnalysis\Release\CL.write.1.tlog
D:\MyProject\VideoCollage_2012\VideoAnalysis\Release\Lib-link.read.1.tlog
D:\MyProject\VideoCollage_2012\VideoAnalysis\Release\Lib-link.write.1.tlog
D:\MyProject\VideoCollage_2012\VideoAnalysis\Release\lib.command.1.tlog
D:\MyProject\VideoCollage_2012\VideoAnalysis\..\lib\VideoAnalysis.lib
