D:\MYPROJECT\VIDEOCOLLAGE_2012\VIDEOCOLLAGE_2012\RELEASE\VIDEOINFOEXTRACT.OBJ
D:\MYPROJECT\VIDEOCOLLAGE_2012\VIDEOCOLLAGE_2012\RELEASE\VIDEOCOLLAGE.OBJ
D:\MYPROJECT\VIDEOCOLLAGE_2012\VIDEOCOLLAGE_2012\RELEASE\STRUCTUREFEATUREEXTRACT.OBJ
D:\MYPROJECT\VIDEOCOLLAGE_2012\VIDEOCOLLAGE_2012\RELEASE\SKINFEATUREEXTRACTOR.OBJ
D:\MYPROJECT\VIDEOCOLLAGE_2012\VIDEOCOLLAGE_2012\RELEASE\SHOTFEATUREEXTRACTOR.OBJ
D:\MYPROJECT\VIDEOCOLLAGE_2012\VIDEOCOLLAGE_2012\RELEASE\IMAGEFEATURE.OBJ
D:\MYPROJECT\VIDEOCOLLAGE_2012\VIDEOCOLLAGE_2012\RELEASE\GLOBALFEATUREEXTRACT.OBJ
D:\MYPROJECT\VIDEOCOLLAGE_2012\VIDEOCOLLAGE_2012\RELEASE\GLOBAL.OBJ
D:\MYPROJECT\VIDEOCOLLAGE_2012\VIDEOCOLLAGE_2012\RELEASE\FRAMEJSEGMENTOR.OBJ
D:\MYPROJECT\VIDEOCOLLAGE_2012\VIDEOCOLLAGE_2012\RELEASE\ENHANCEIMAGE.OBJ
D:\MYPROJECT\VIDEOCOLLAGE_2012\VIDEOCOLLAGE_2012\RELEASE\CUSER.OBJ
D:\MYPROJECT\VIDEOCOLLAGE_2012\VIDEOCOLLAGE_2012\RELEASE\COMMON.OBJ
D:\MYPROJECT\VIDEOCOLLAGE_2012\VIDEOCOLLAGE_2012\RELEASE\COLORENTROPYFEATUREEXTRACTOR.OBJ
D:\MYPROJECT\VIDEOCOLLAGE_2012\VIDEOCOLLAGE_2012\RELEASE\ADVANCEDKEYFRAMEEXTRACTOR.OBJ
D:\MYPROJECT\VIDEOCOLLAGE_2012\VIDEOCOLLAGE_2012\RELEASE\VC110.PDB
D:\MYPROJECT\VIDEOCOLLAGE_2012\RELEASE\VIDEOCOLLAGE_2012.EXE
D:\MYPROJECT\VIDEOCOLLAGE_2012\RELEASE\VIDEOCOLLAGE_2012.PDB
D:\MyProject\VideoCollage_2012\VideoCollage_2012\Release\AdvancedKeyframeExtractor.obj
D:\MyProject\VideoCollage_2012\VideoCollage_2012\Release\ColorEntropyFeatureExtractor.obj
D:\MyProject\VideoCollage_2012\VideoCollage_2012\Release\common.obj
D:\MyProject\VideoCollage_2012\VideoCollage_2012\Release\CUser.obj
D:\MyProject\VideoCollage_2012\VideoCollage_2012\Release\EnhanceImage.obj
D:\MyProject\VideoCollage_2012\VideoCollage_2012\Release\FrameJSegmentor.obj
D:\MyProject\VideoCollage_2012\VideoCollage_2012\Release\global.obj
D:\MyProject\VideoCollage_2012\VideoCollage_2012\Release\GlobalFeatureExtract.obj
D:\MyProject\VideoCollage_2012\VideoCollage_2012\Release\ImageFeature.obj
D:\MyProject\VideoCollage_2012\VideoCollage_2012\Release\ShotFeatureExtractor.obj
D:\MyProject\VideoCollage_2012\VideoCollage_2012\Release\SkinFeatureExtractor.obj
D:\MyProject\VideoCollage_2012\VideoCollage_2012\Release\StructureFeatureExtract.obj
D:\MyProject\VideoCollage_2012\VideoCollage_2012\Release\VideoCollage.obj
D:\MyProject\VideoCollage_2012\VideoCollage_2012\Release\VideoInfoExtract.obj
D:\MyProject\VideoCollage_2012\VideoCollage_2012\Release\cl.command.1.tlog
D:\MyProject\VideoCollage_2012\VideoCollage_2012\Release\CL.read.1.tlog
D:\MyProject\VideoCollage_2012\VideoCollage_2012\Release\CL.write.1.tlog
D:\MyProject\VideoCollage_2012\VideoCollage_2012\Release\link-cvtres.read.1.tlog
D:\MyProject\VideoCollage_2012\VideoCollage_2012\Release\link-cvtres.write.1.tlog
D:\MyProject\VideoCollage_2012\VideoCollage_2012\Release\link-rc.read.1.tlog
D:\MyProject\VideoCollage_2012\VideoCollage_2012\Release\link-rc.write.1.tlog
D:\MyProject\VideoCollage_2012\VideoCollage_2012\Release\link.command.1.tlog
D:\MyProject\VideoCollage_2012\VideoCollage_2012\Release\link.read.1.tlog
D:\MyProject\VideoCollage_2012\VideoCollage_2012\Release\link.write.1.tlog
D:\MyProject\VideoCollage_2012\VideoCollage_2012\Release\vc110.pdb
D:\MyProject\VideoCollage_2012\Release\VideoCollage_2012.pdb
D:\MyProject\VideoCollage_2012\Release\VideoCollage_2012.exe
