C:\USERS\V-JUNFU\DOCUMENTS\VISUAL STUDIO 2012\PROJECTS\VIDEOCOLLAGE_2012\VIDEOANALYSIS\DEBUG\DTHRESHSHOTDETECTOR.OBJ
C:\USERS\V-JUNFU\DOCUMENTS\VISUAL STUDIO 2012\PROJECTS\VIDEOCOLLAGE_2012\VIDEOANALYSIS\DEBUG\ENTROPYOFFLINESCENEDETECTOR.OBJ
C:\USERS\V-JUNFU\DOCUMENTS\VISUAL STUDIO 2012\PROJECTS\VIDEOCOLLAGE_2012\VIDEOANALYSIS\DEBUG\FRAMEFEATUREEXTRACTOR.OBJ
C:\USERS\V-JUNFU\DOCUMENTS\VISUAL STUDIO 2012\PROJECTS\VIDEOCOLLAGE_2012\VIDEOANALYSIS\DEBUG\GRAPHHELPER.OBJ
C:\USERS\V-JUNFU\DOCUMENTS\VISUAL STUDIO 2012\PROJECTS\VIDEOCOLLAGE_2012\VIDEOANALYSIS\DEBUG\KEYFRAMESAVER.OBJ
C:\USERS\V-JUNFU\DOCUMENTS\VISUAL STUDIO 2012\PROJECTS\VIDEOCOLLAGE_2012\VIDEOANALYSIS\DEBUG\OPENCVHELPER.OBJ
C:\USERS\V-JUNFU\DOCUMENTS\VISUAL STUDIO 2012\PROJECTS\VIDEOCOLLAGE_2012\VIDEOANALYSIS\DEBUG\SABONLINESUBSHOTDETECTOR.OBJ
C:\USERS\V-JUNFU\DOCUMENTS\VISUAL STUDIO 2012\PROJECTS\VIDEOCOLLAGE_2012\VIDEOANALYSIS\DEBUG\SIMPLEKEYFRAMEEXTRACTOR.OBJ
C:\USERS\V-JUNFU\DOCUMENTS\VISUAL STUDIO 2012\PROJECTS\VIDEOCOLLAGE_2012\VIDEOANALYSIS\DEBUG\SIMPLETHUMBNAILEXTRACTOR.OBJ
C:\USERS\V-JUNFU\DOCUMENTS\VISUAL STUDIO 2012\PROJECTS\VIDEOCOLLAGE_2012\VIDEOANALYSIS\DEBUG\STDAFX.OBJ
C:\USERS\V-JUNFU\DOCUMENTS\VISUAL STUDIO 2012\PROJECTS\VIDEOCOLLAGE_2012\VIDEOANALYSIS\DEBUG\VAUTILS.OBJ
C:\USERS\V-JUNFU\DOCUMENTS\VISUAL STUDIO 2012\PROJECTS\VIDEOCOLLAGE_2012\VIDEOANALYSIS\DEBUG\VIDEOANALYSISENGINE.OBJ
C:\USERS\V-JUNFU\DOCUMENTS\VISUAL STUDIO 2012\PROJECTS\VIDEOCOLLAGE_2012\VIDEOANALYSIS\DEBUG\VIDEOANALYSISEXCEPTION.OBJ
C:\USERS\V-JUNFU\DOCUMENTS\VISUAL STUDIO 2012\PROJECTS\VIDEOCOLLAGE_2012\VIDEOANALYSIS\DEBUG\VIDEOEDITSERVICE.OBJ
C:\USERS\V-JUNFU\DOCUMENTS\VISUAL STUDIO 2012\PROJECTS\VIDEOCOLLAGE_2012\VIDEOANALYSIS\DEBUG\VIDEOPARSEBASE.OBJ
C:\USERS\V-JUNFU\DOCUMENTS\VISUAL STUDIO 2012\PROJECTS\VIDEOCOLLAGE_2012\VIDEOANALYSIS\DEBUG\VIDEOPARSEFILTER.OBJ
C:\USERS\V-JUNFU\DOCUMENTS\VISUAL STUDIO 2012\PROJECTS\VIDEOCOLLAGE_2012\VIDEOANALYSIS\DEBUG\VIDEOPARSEFILTERIMP.OBJ
C:\USERS\V-JUNFU\DOCUMENTS\VISUAL STUDIO 2012\PROJECTS\VIDEOCOLLAGE_2012\VIDEOANALYSIS\DEBUG\VIDEOSEGMENTS.OBJ
C:\USERS\V-JUNFU\DOCUMENTS\VISUAL STUDIO 2012\PROJECTS\VIDEOCOLLAGE_2012\VIDEOANALYSIS\DEBUG\VIDEOSEGMENTSTORAGE.OBJ
C:\USERS\V-JUNFU\DOCUMENTS\VISUAL STUDIO 2012\PROJECTS\VIDEOCOLLAGE_2012\VIDEOANALYSIS\DEBUG\XMLACCESSHELPER.OBJ
C:\USERS\V-JUNFU\DOCUMENTS\VISUAL STUDIO 2012\PROJECTS\VIDEOCOLLAGE_2012\VIDEOANALYSIS\DEBUG\AFFINEGLOBALMOTIONESTIMATION.OBJ
C:\USERS\V-JUNFU\DOCUMENTS\VISUAL STUDIO 2012\PROJECTS\VIDEOCOLLAGE_2012\VIDEOANALYSIS\DEBUG\AFFINEOFFINESUBSHOTDETECTOR.OBJ
C:\USERS\V-JUNFU\DOCUMENTS\VISUAL STUDIO 2012\PROJECTS\VIDEOCOLLAGE_2012\VIDEOANALYSIS\DEBUG\COMMONFRAMEFEATUREFACTORY.OBJ
C:\USERS\V-JUNFU\DOCUMENTS\VISUAL STUDIO 2012\PROJECTS\VIDEOCOLLAGE_2012\LIB\VIDEOANALYSIS_D.PDB
C:\USERS\V-JUNFU\DOCUMENTS\VISUAL STUDIO 2012\PROJECTS\VIDEOCOLLAGE_2012\LIB\VIDEOANALYSIS_D.LIB
C:\Users\v-junfu\Documents\Visual Studio 2012\Projects\VideoCollage_2012\VideoAnalysis\Debug\AffineGlobalMotionEstimation.obj
C:\Users\v-junfu\Documents\Visual Studio 2012\Projects\VideoCollage_2012\VideoAnalysis\Debug\AffineOffineSubshotDetector.obj
C:\Users\v-junfu\Documents\Visual Studio 2012\Projects\VideoCollage_2012\VideoAnalysis\Debug\CommonFrameFeatureFactory.obj
C:\Users\v-junfu\Documents\Visual Studio 2012\Projects\VideoCollage_2012\VideoAnalysis\Debug\DThreshShotDetector.obj
C:\Users\v-junfu\Documents\Visual Studio 2012\Projects\VideoCollage_2012\VideoAnalysis\Debug\EntropyOfflineSceneDetector.obj
C:\Users\v-junfu\Documents\Visual Studio 2012\Projects\VideoCollage_2012\VideoAnalysis\Debug\FrameFeatureExtractor.obj
C:\Users\v-junfu\Documents\Visual Studio 2012\Projects\VideoCollage_2012\VideoAnalysis\Debug\GraphHelper.obj
C:\Users\v-junfu\Documents\Visual Studio 2012\Projects\VideoCollage_2012\VideoAnalysis\Debug\KeyframeSaver.obj
C:\Users\v-junfu\Documents\Visual Studio 2012\Projects\VideoCollage_2012\VideoAnalysis\Debug\OpenCVHelper.obj
C:\Users\v-junfu\Documents\Visual Studio 2012\Projects\VideoCollage_2012\VideoAnalysis\Debug\SabOnlineSubshotDetector.obj
C:\Users\v-junfu\Documents\Visual Studio 2012\Projects\VideoCollage_2012\VideoAnalysis\Debug\SimpleKeyframeExtractor.obj
C:\Users\v-junfu\Documents\Visual Studio 2012\Projects\VideoCollage_2012\VideoAnalysis\Debug\SimpleThumbNailExtractor.obj
C:\Users\v-junfu\Documents\Visual Studio 2012\Projects\VideoCollage_2012\VideoAnalysis\Debug\stdafx.obj
C:\Users\v-junfu\Documents\Visual Studio 2012\Projects\VideoCollage_2012\VideoAnalysis\Debug\VaUtils.obj
C:\Users\v-junfu\Documents\Visual Studio 2012\Projects\VideoCollage_2012\VideoAnalysis\Debug\VideoAnalysisEngine.obj
C:\Users\v-junfu\Documents\Visual Studio 2012\Projects\VideoCollage_2012\VideoAnalysis\Debug\VideoAnalysisException.obj
C:\Users\v-junfu\Documents\Visual Studio 2012\Projects\VideoCollage_2012\VideoAnalysis\Debug\VideoEditService.obj
C:\Users\v-junfu\Documents\Visual Studio 2012\Projects\VideoCollage_2012\VideoAnalysis\Debug\VideoParseBase.obj
C:\Users\v-junfu\Documents\Visual Studio 2012\Projects\VideoCollage_2012\VideoAnalysis\Debug\VideoParseFilter.obj
C:\Users\v-junfu\Documents\Visual Studio 2012\Projects\VideoCollage_2012\VideoAnalysis\Debug\VideoParseFilterImp.obj
C:\Users\v-junfu\Documents\Visual Studio 2012\Projects\VideoCollage_2012\VideoAnalysis\Debug\VideoSegments.obj
C:\Users\v-junfu\Documents\Visual Studio 2012\Projects\VideoCollage_2012\VideoAnalysis\Debug\VideoSegmentStorage.obj
C:\Users\v-junfu\Documents\Visual Studio 2012\Projects\VideoCollage_2012\VideoAnalysis\Debug\XMLAccessHelper.obj
C:\Users\v-junfu\Documents\Visual Studio 2012\Projects\VideoCollage_2012\VideoAnalysis\Debug\cl.command.1.tlog
C:\Users\v-junfu\Documents\Visual Studio 2012\Projects\VideoCollage_2012\VideoAnalysis\Debug\CL.read.1.tlog
C:\Users\v-junfu\Documents\Visual Studio 2012\Projects\VideoCollage_2012\VideoAnalysis\Debug\CL.write.1.tlog
C:\Users\v-junfu\Documents\Visual Studio 2012\Projects\VideoCollage_2012\VideoAnalysis\Debug\Lib-link.read.1.tlog
C:\Users\v-junfu\Documents\Visual Studio 2012\Projects\VideoCollage_2012\VideoAnalysis\Debug\Lib-link.write.1.tlog
C:\Users\v-junfu\Documents\Visual Studio 2012\Projects\VideoCollage_2012\VideoAnalysis\Debug\lib.command.1.tlog
C:\Users\v-junfu\Documents\Visual Studio 2012\Projects\VideoCollage_2012\VideoAnalysis\..\lib\VideoAnalysis_d.lib
