D:\MYPROJECT\VIDEOCOLLAGE_2012\VXCORE\RELEASE\LOG.OBJ
D:\MYPROJECT\VIDEOCOLLAGE_2012\VXCORE\RELEASE\SAFELOG.OBJ
D:\MYPROJECT\VIDEOCOLLAGE_2012\VXCORE\RELEASE\STDAFX.OBJ
D:\MYPROJECT\VIDEOCOLLAGE_2012\VXCORE\RELEASE\VXCOREEXCEPTION.OBJ
D:\MYPROJECT\VIDEOCOLLAGE_2012\VXCORE\RELEASE\VXDATASET.OBJ
D:\MYPROJECT\VIDEOCOLLAGE_2012\VXCORE\RELEASE\VXFEATURE.OBJ
D:\MYPROJECT\VIDEOCOLLAGE_2012\VXCORE\RELEASE\VXUTILS.OBJ
D:\MYPROJECT\VIDEOCOLLAGE_2012\LIB\VXCORE.PDB
D:\MYPROJECT\VIDEOCOLLAGE_2012\LIB\VXCORE.LIB
D:\MyProject\VideoCollage_2012\VxCore\Release\Log.obj
D:\MyProject\VideoCollage_2012\VxCore\Release\SafeLog.obj
D:\MyProject\VideoCollage_2012\VxCore\Release\stdafx.obj
D:\MyProject\VideoCollage_2012\VxCore\Release\VxCoreException.obj
D:\MyProject\VideoCollage_2012\VxCore\Release\VxDataSet.obj
D:\MyProject\VideoCollage_2012\VxCore\Release\VxFeature.obj
D:\MyProject\VideoCollage_2012\VxCore\Release\VxUtils.obj
D:\MyProject\VideoCollage_2012\VxCore\Release\cl.command.1.tlog
D:\MyProject\VideoCollage_2012\VxCore\Release\CL.read.1.tlog
D:\MyProject\VideoCollage_2012\VxCore\Release\CL.write.1.tlog
D:\MyProject\VideoCollage_2012\VxCore\Release\Lib-link.read.1.tlog
D:\MyProject\VideoCollage_2012\VxCore\Release\Lib-link.write.1.tlog
D:\MyProject\VideoCollage_2012\VxCore\Release\lib.command.1.tlog
D:\MyProject\VideoCollage_2012\VxCore\..\lib\VxCore.lib
